var a= 5734598435987579385798453498598345798498543597;
undefined
a;
5.734598435987579e+45
Number.MAX_SAFE_INTEGER;
9007199254740991
var a= Number.MAX_SAFE_INTEGER;
undefined
a;
9007199254740991
++a;
9007199254740992
++a;
9007199254740992
++a;
9007199254740992
++a;
9007199254740992
typeof a;
'number'
a = 9007199254740992n;
9007199254740992n
typeof a;
'bigint'
++a;
9007199254740993n
++a;
9007199254740994n
++a;
9007199254740995n
++a;
9007199254740996n
++a;
9007199254740997n
var b = BigInt("5864543875687645786437856873458743658734");
undefined
b;
5864543875687645786437856873458743658734n
a + b;
5864543875687645786437865880657998399731n
var c = a + b;
undefined
typeof c;
'bigint'
b;
5864543875687645786437856873458743658734n
b + 645645;
VM610:1 Uncaught TypeError: Cannot mix BigInt and other types, use explicit conversions
    at <anonymous>:1:3
(anonymous) @ VM610:1
